# JRE version: OpenJDK Runtime Environment (8.0_152-b01) (build 1.8.0_152-release-915-b01)
# Java VM: OpenJDK 64-Bit Server VM (25.152-b01 mixed mode windows-amd64 compressed oops)
Heap:
 PSYoungGen      total 268288K, used 133635K [0x00000000e0000000, 0x00000000f3700000, 0x0000000100000000)
  eden space 218112K, 51% used [0x00000000e0000000,0x00000000e6d94600,0x00000000ed500000)
  from space 50176K, 42% used [0x00000000ed500000,0x00000000ee9ec708,0x00000000f0600000)
  to   space 48640K, 0% used [0x00000000f0780000,0x00000000f0780000,0x00000000f3700000)
 ParOldGen       total 179712K, used 69872K [0x00000000a0000000, 0x00000000aaf80000, 0x00000000e0000000)
  object space 179712K, 38% used [0x00000000a0000000,0x00000000a443c318,0x00000000aaf80000)
 Metaspace       used 78692K, capacity 82646K, committed 82776K, reserved 1120256K
  class space    used 10106K, capacity 11072K, committed 11136K, reserved 1048576K
GC Heap History (10 events):
Event: 2148.507 GC heap before
{Heap before GC invocations=28 (full 3):
 PSYoungGen      total 190464K, used 183458K [0x00000000e0000000, 0x00000000ee100000, 0x0000000100000000)
  eden space 155648K, 100% used [0x00000000e0000000,0x00000000e9800000,0x00000000e9800000)
  from space 34816K, 79% used [0x00000000ebd00000,0x00000000ed828b60,0x00000000edf00000)
  to   space 37376K, 0% used [0x00000000e9800000,0x00000000e9800000,0x00000000ebc80000)
 ParOldGen       total 179712K, used 45115K [0x00000000a0000000, 0x00000000aaf80000, 0x00000000e0000000)
  object space 179712K, 25% used [0x00000000a0000000,0x00000000a2c0ed90,0x00000000aaf80000)
 Metaspace       used 78301K, capacity 82218K, committed 82520K, reserved 1120256K
  class space    used 10103K, capacity 11040K, committed 11136K, reserved 1048576K
Event: 2148.602 GC heap after
Heap after GC invocations=28 (full 3):
 PSYoungGen      total 193024K, used 37349K [0x00000000e0000000, 0x00000000f0b00000, 0x0000000100000000)
  eden space 155648K, 0% used [0x00000000e0000000,0x00000000e0000000,0x00000000e9800000)
  from space 37376K, 99% used [0x00000000e9800000,0x00000000ebc796b0,0x00000000ebc80000)
  to   space 43008K, 0% used [0x00000000ee100000,0x00000000ee100000,0x00000000f0b00000)
 ParOldGen       total 179712K, used 46551K [0x00000000a0000000, 0x00000000aaf80000, 0x00000000e0000000)
  object space 179712K, 25% used [0x00000000a0000000,0x00000000a2d75fb0,0x00000000aaf80000)
 Metaspace       used 78301K, capacity 82218K, committed 82520K, reserved 1120256K
  class space    used 10103K, capacity 11040K, committed 11136K, reserved 1048576K
}
Event: 2149.843 GC heap before
{Heap before GC invocations=29 (full 3):
 PSYoungGen      total 193024K, used 192997K [0x00000000e0000000, 0x00000000f0b00000, 0x0000000100000000)
  eden space 155648K, 100% used [0x00000000e0000000,0x00000000e9800000,0x00000000e9800000)
  from space 37376K, 99% used [0x00000000e9800000,0x00000000ebc796b0,0x00000000ebc80000)
  to   space 43008K, 0% used [0x00000000ee100000,0x00000000ee100000,0x00000000f0b00000)
 ParOldGen       total 179712K, used 46551K [0x00000000a0000000, 0x00000000aaf80000, 0x00000000e0000000)
  object space 179712K, 25% used [0x00000000a0000000,0x00000000a2d75fb0,0x00000000aaf80000)
 Metaspace       used 78490K, capacity 82454K, committed 82520K, reserved 1120256K
  class space    used 10106K, capacity 11072K, committed 11136K, reserved 1048576K
Event: 2149.974 GC heap after
Heap after GC invocations=29 (full 3):
 PSYoungGen      total 225280K, used 39617K [0x00000000e0000000, 0x00000000f1600000, 0x0000000100000000)
  eden space 182272K, 0% used [0x00000000e0000000,0x00000000e0000000,0x00000000eb200000)
  from space 43008K, 92% used [0x00000000ee100000,0x00000000f07b0488,0x00000000f0b00000)
  to   space 48128K, 0% used [0x00000000eb200000,0x00000000eb200000,0x00000000ee100000)
 ParOldGen       total 179712K, used 46559K [0x00000000a0000000, 0x00000000aaf80000, 0x00000000e0000000)
  object space 179712K, 25% used [0x00000000a0000000,0x00000000a2d77fb0,0x00000000aaf80000)
 Metaspace       used 78490K, capacity 82454K, committed 82520K, reserved 1120256K
  class space    used 10106K, capacity 11072K, committed 11136K, reserved 1048576K
}
Event: 2151.422 GC heap before
{Heap before GC invocations=30 (full 3):
 PSYoungGen      total 225280K, used 221889K [0x00000000e0000000, 0x00000000f1600000, 0x0000000100000000)
  eden space 182272K, 100% used [0x00000000e0000000,0x00000000eb200000,0x00000000eb200000)
  from space 43008K, 92% used [0x00000000ee100000,0x00000000f07b0488,0x00000000f0b00000)
  to   space 48128K, 0% used [0x00000000eb200000,0x00000000eb200000,0x00000000ee100000)
 ParOldGen       total 179712K, used 46559K [0x00000000a0000000, 0x00000000aaf80000, 0x00000000e0000000)
  object space 179712K, 25% used [0x00000000a0000000,0x00000000a2d77fb0,0x00000000aaf80000)
 Metaspace       used 78599K, capacity 82518K, committed 82776K, reserved 1120256K
  class space    used 10106K, capacity 11072K, committed 11136K, reserved 1048576K
Event: 2151.484 GC heap after
Heap after GC invocations=30 (full 3):
 PSYoungGen      total 230400K, used 36640K [0x00000000e0000000, 0x00000000f3980000, 0x0000000100000000)
  eden space 182272K, 0% used [0x00000000e0000000,0x00000000e0000000,0x00000000eb200000)
  from space 48128K, 76% used [0x00000000eb200000,0x00000000ed5c83d8,0x00000000ee100000)
  to   space 51200K, 0% used [0x00000000f0780000,0x00000000f0780000,0x00000000f3980000)
 ParOldGen       total 179712K, used 52032K [0x00000000a0000000, 0x00000000aaf80000, 0x00000000e0000000)
  object space 179712K, 28% used [0x00000000a0000000,0x00000000a32d0038,0x00000000aaf80000)
 Metaspace       used 78599K, capacity 82518K, committed 82776K, reserved 1120256K
  class space    used 10106K, capacity 11072K, committed 11136K, reserved 1048576K
}
Event: 2152.506 GC heap before
{Heap before GC invocations=31 (full 3):
 PSYoungGen      total 230400K, used 218912K [0x00000000e0000000, 0x00000000f3980000, 0x0000000100000000)
  eden space 182272K, 100% used [0x00000000e0000000,0x00000000eb200000,0x00000000eb200000)
  from space 48128K, 76% used [0x00000000eb200000,0x00000000ed5c83d8,0x00000000ee100000)
  to   space 51200K, 0% used [0x00000000f0780000,0x00000000f0780000,0x00000000f3980000)
 ParOldGen       total 179712K, used 52032K [0x00000000a0000000, 0x00000000aaf80000, 0x00000000e0000000)
  object space 179712K, 28% used [0x00000000a0000000,0x00000000a32d0038,0x00000000aaf80000)
 Metaspace       used 78647K, capacity 82582K, committed 82776K, reserved 1120256K
  class space    used 10106K, capacity 11072K, committed 11136K, reserved 1048576K
Event: 2152.557 GC heap after
Heap after GC invocations=31 (full 3):
 PSYoungGen      total 266752K, used 27584K [0x00000000e0000000, 0x00000000f3700000, 0x0000000100000000)
  eden space 218112K, 0% used [0x00000000e0000000,0x00000000e0000000,0x00000000ed500000)
  from space 48640K, 56% used [0x00000000f0780000,0x00000000f22703d8,0x00000000f3700000)
  to   space 50176K, 0% used [0x00000000ed500000,0x00000000ed500000,0x00000000f0600000)
 ParOldGen       total 179712K, used 58583K [0x00000000a0000000, 0x00000000aaf80000, 0x00000000e0000000)
  object space 179712K, 32% used [0x00000000a0000000,0x00000000a3935f18,0x00000000aaf80000)
 Metaspace       used 78647K, capacity 82582K, committed 82776K, reserved 1120256K
  class space    used 10106K, capacity 11072K, committed 11136K, reserved 1048576K
}
Event: 2153.752 GC heap before
{Heap before GC invocations=32 (full 3):
 PSYoungGen      total 266752K, used 245696K [0x00000000e0000000, 0x00000000f3700000, 0x0000000100000000)
  eden space 218112K, 100% used [0x00000000e0000000,0x00000000ed500000,0x00000000ed500000)
  from space 48640K, 56% used [0x00000000f0780000,0x00000000f22703d8,0x00000000f3700000)
  to   space 50176K, 0% used [0x00000000ed500000,0x00000000ed500000,0x00000000f0600000)
 ParOldGen       total 179712K, used 58583K [0x00000000a0000000, 0x00000000aaf80000, 0x00000000e0000000)
  object space 179712K, 32% used [0x00000000a0000000,0x00000000a3935f18,0x00000000aaf80000)
 Metaspace       used 78675K, capacity 82582K, committed 82776K, reserved 1120256K
  class space    used 10106K, capacity 11072K, committed 11136K, reserved 1048576K
Event: 2153.810 GC heap after
Heap after GC invocations=32 (full 3):
 PSYoungGen      total 268288K, used 21425K [0x00000000e0000000, 0x00000000f3700000, 0x0000000100000000)
  eden space 218112K, 0% used [0x00000000e0000000,0x00000000e0000000,0x00000000ed500000)
  from space 50176K, 42% used [0x00000000ed500000,0x00000000ee9ec708,0x00000000f0600000)
  to   space 48640K, 0% used [0x00000000f0780000,0x00000000f0780000,0x00000000f3700000)
 ParOldGen       total 179712K, used 69872K [0x00000000a0000000, 0x00000000aaf80000, 0x00000000e0000000)
  object space 179712K, 38% used [0x00000000a0000000,0x00000000a443c318,0x00000000aaf80000)
 Metaspace       used 78675K, capacity 82582K, committed 82776K, reserved 1120256K
  class space    used 10106K, capacity 11072K, committed 11136K, reserved 1048576K
}

